Arguments: 
  C:\Program Files\nodejs\node.exe C:\Program Files (x86)\Yarn\bin\yarn.js install

PATH: 
  C:\cmder\bin;C:\Program Files\Microsoft MPI\Bin\;C:\Python27\;C:\Python27\Scripts;C:\ProgramData\Oracle\Java\javapath;C:\Program Files (x86)\Intel\iCLS Client\;C:\Program Files\Intel\iCLS Client\;C:\Windows\system32;C:\Windows;C:\Windows\System32\Wbem;C:\Windows\System32\WindowsPowerShell\v1.0\;C:\Program Files\Intel\Intel(R) Management Engine Components\DAL;C:\Program Files (x86)\Intel\Intel(R) Management Engine Components\DAL;C:\Program Files\Intel\Intel(R) Management Engine Components\IPT;C:\Program Files (x86)\Intel\Intel(R) Management Engine Components\IPT;C:\Program Files (x86)\Windows Kits\8.1\Windows Performance Toolkit\;C:\WINDOWS\system32;C:\WINDOWS;C:\WINDOWS\System32\Wbem;C:\WINDOWS\System32\WindowsPowerShell\v1.0\;C:\Program Files (x86)\NVIDIA Corporation\PhysX\Common;C:\Program Files\MySQL\MySQL Utilities 1.6\;C:\Program Files\Git\cmd;C:\Program Files\Git\mingw64\bin;C:\Program Files\Git\usr\bin;C:\Users\dan\AppData\Roaming\nvm;C:\Program Files\nodejs;C:\Bitnami\dreamfactory-2.7.0-1\php;C:\ProgramData\ComposerSetup\bin;C:\PostgreSQL\pg96\bin;C:\Program Files (x86)\Microsoft SQL Server\130\Tools\Binn\;C:\Program Files\Microsoft SQL Server\130\Tools\Binn\;C:\Program Files (x86)\Microsoft SQL Server\130\DTS\Binn\;C:\Program Files\Microsoft SQL Server\130\DTS\Binn\;C:\Program Files\Microsoft SQL Server\Client SDK\ODBC\130\Tools\Binn\;C:\Program Files (x86)\Microsoft SQL Server\Client SDK\ODBC\130\Tools\Binn\;C:\Program Files (x86)\Microsoft SQL Server\140\Tools\Binn\;C:\Program Files (x86)\Microsoft SQL Server\140\DTS\Binn\;C:\Program Files (x86)\Microsoft SQL Server\140\Tools\Binn\ManagementStudio\;C:\Program Files (x86)\Yarn\bin;C:\Program Files\PuTTY\;C:\Users\dan\AppData\Local\atom\bin;C:\Users\dan\AppData\Local\Microsoft\WindowsApps;C:\Users\dan\AppData\Roaming\nvm;C:\Program Files\nodejs;C:\Users\dan\AppData\Roaming\Composer\vendor\bin;C:\Users\dan\AppData\Local\Yarn\bin;C:\Program Files\Git\usr\bin;C:\Program Files\Git\usr\share\vim\vim74;C:\cmder\

Yarn version: 
  0.28.4

Node version: 
  8.1.2

Platform: 
  win32 x64

npm manifest: 
  {
    "name": "test2ui",
    "description": "An Aurelia client application.",
    "version": "0.1.0",
    "repository": {
      "type": "???",
      "url": "???"
    },
    "license": "MIT",
    "dependencies": {
      "aurelia-animator-css": "^1.0.2",
      "aurelia-bootstrapper": "^2.1.1",
      "aurelia-ui-framework": "^3.4.2",
      "bluebird": "^3.4.1",
      "lodash": "^4.17.4",
      "requirejs": "^2.3.2",
      "text": "github:requirejs/text#latest"
    },
    "peerDependencies": {},
    "devDependencies": {
      "aurelia-cli": "^0.30.0",
      "aurelia-testing": "^1.0.0-beta.3.0.1",
      "aurelia-tools": "^1.0.0",
      "browser-sync": "^2.13.0",
      "connect-history-api-fallback": "^1.2.0",
      "debounce": "^1.0.2",
      "del": "^3.0.0",
      "event-stream": "^3.3.3",
      "gulp": "github:gulpjs/gulp#4.0",
      "gulp-changed-in-place": "^2.0.3",
      "gulp-compass": "^2.1.0",
      "gulp-notify": "^2.2.0",
      "gulp-plumber": "^1.1.0",
      "gulp-rename": "^1.2.2",
      "gulp-sourcemaps": "^2.0.0-alpha",
      "gulp-watch": "^4.3.11",
      "babel-eslint": "^6.0.4",
      "babel-plugin-syntax-flow": "^6.8.0",
      "babel-plugin-transform-decorators-legacy": "^1.3.4",
      "babel-plugin-transform-es2015-modules-amd": "^6.8.0",
      "babel-plugin-transform-es2015-modules-commonjs": "^6.10.3",
      "babel-plugin-transform-flow-strip-types": "^6.8.0",
      "babel-preset-es2015": "^6.13.2",
      "babel-preset-stage-1": "^6.5.0",
      "babel-polyfill": "^6.9.1",
      "babel-register": "^6.9.0",
      "gulp-babel": "^6.1.2",
      "gulp-eslint": "^2.0.0",
      "jasmine-core": "^2.4.1",
      "karma": "^0.13.22",
      "karma-chrome-launcher": "^1.0.1",
      "karma-jasmine": "^1.0.2",
      "karma-babel-preprocessor": "^6.0.1"
      "minimatch": "^3.0.2",
      "through2": "^2.0.1",
      "uglify-js": "^2.6.3",
      "vinyl-fs": "^2.4.3"
    }
  }

yarn manifest: 
  No manifest

Lockfile: 
  No lockfile

Trace: 
  SyntaxError: D:\Development\aurelia-projects\testuijs\package.json: Unexpected string in JSON at position 1684
      at JSON.parse (<anonymous>)
      at C:\Program Files (x86)\Yarn\lib\yarn-cli.js:787:57
      at Generator.next (<anonymous>)
      at step (C:\Program Files (x86)\Yarn\lib\yarn-cli.js:91:30)
      at C:\Program Files (x86)\Yarn\lib\yarn-cli.js:102:13
      at <anonymous>
